<?xml version="1.0" encoding="UTF-8"?>
<!-- Generated by org.testng.reporters.JUnitReportReporter -->
<testsuite hostname="LAPTOP-UF6317RE" failures="1" tests="10" name="com.automation.workware.runners.TestRunner" time="128.718" errors="7" timestamp="2025-11-02T15:25:50 IST" skipped="2">
  <testcase classname="com.automation.workware.runners.TestRunner" name="runScenario" time="8.293">
    <skipped/>
  </testcase> <!-- runScenario -->
  <testcase classname="com.automation.workware.runners.TestRunner" name="runScenario" time="8.367">
    <failure type="junit.framework.AssertionFailedError">
      <![CDATA[junit.framework.AssertionFailedError
at junit.framework.Assert.fail(Assert.java:55)
at junit.framework.Assert.assertTrue(Assert.java:22)
at junit.framework.Assert.assertTrue(Assert.java:31)
at com.automation.workware.stepdefinations.LoginPageSteps.page_title_should_be(LoginPageSteps.java:42)
at ✽.page title should be "Swag Labs"(file:///C:/Users/guduguntla%20anil/eclipse-workspace/CucumberProjectParallel/src/test/resources/features/login.feature:8)
]]>
    </failure>
  </testcase> <!-- runScenario -->
  <testcase classname="com.automation.workware.runners.TestRunner" name="runScenario" time="17.247">
    <error message="Expected condition failed: waiting for visibility of element located by By.id: user-name (tried for 10 second(s) with 500 milliseconds interval)
Build info: version: &#039;4.29.0&#039;, revision: &#039;5fc1ec94cb&#039;
System info: os.name: &#039;Windows 11&#039;, os.arch: &#039;amd64&#039;, os.version: &#039;10.0&#039;, java.version: &#039;21.0.2&#039;
Driver info: org.openqa.selenium.chrome.ChromeDriver
Capabilities {acceptInsecureCerts: false, browserName: chrome, browserVersion: 141.0.7390.125, chrome: {chromedriverVersion: 141.0.7390.122 (b477534e7e1..., userDataDir: C:\Users\GUDUGU~1\AppData\L...}, fedcm:accounts: true, goog:chromeOptions: {debuggerAddress: localhost:58280}, networkConnectionEnabled: false, pageLoadStrategy: normal, platformName: windows, proxy: Proxy(), se:cdp: ws://localhost:58280/devtoo..., se:cdpVersion: 141.0.7390.125, setWindowRect: true, strictFileInteractability: false, timeouts: {implicit: 0, pageLoad: 300000, script: 30000}, unhandledPromptBehavior: dismiss and notify, webauthn:extension:credBlob: true, webauthn:extension:largeBlob: true, webauthn:extension:minPinLength: true, webauthn:extension:prf: true, webauthn:virtualAuthenticators: true}
Session ID: 23275381976ed1f581cd35b32a6f3c87" type="org.openqa.selenium.TimeoutException">
      <![CDATA[org.openqa.selenium.TimeoutException: Expected condition failed: waiting for visibility of element located by By.id: user-name (tried for 10 second(s) with 500 milliseconds interval)
Build info: version: '4.29.0', revision: '5fc1ec94cb'
System info: os.name: 'Windows 11', os.arch: 'amd64', os.version: '10.0', java.version: '21.0.2'
Driver info: org.openqa.selenium.chrome.ChromeDriver
Capabilities {acceptInsecureCerts: false, browserName: chrome, browserVersion: 141.0.7390.125, chrome: {chromedriverVersion: 141.0.7390.122 (b477534e7e1..., userDataDir: C:\Users\GUDUGU~1\AppData\L...}, fedcm:accounts: true, goog:chromeOptions: {debuggerAddress: localhost:58280}, networkConnectionEnabled: false, pageLoadStrategy: normal, platformName: windows, proxy: Proxy(), se:cdp: ws://localhost:58280/devtoo..., se:cdpVersion: 141.0.7390.125, setWindowRect: true, strictFileInteractability: false, timeouts: {implicit: 0, pageLoad: 300000, script: 30000}, unhandledPromptBehavior: dismiss and notify, webauthn:extension:credBlob: true, webauthn:extension:largeBlob: true, webauthn:extension:minPinLength: true, webauthn:extension:prf: true, webauthn:virtualAuthenticators: true}
Session ID: 23275381976ed1f581cd35b32a6f3c87
at org.openqa.selenium.support.ui.WebDriverWait.timeoutException(WebDriverWait.java:84)
at org.openqa.selenium.support.ui.FluentWait.until(FluentWait.java:228)
at com.automation.workware.utils.WaitUtils.waitForElementVisible(WaitUtils.java:28)
at com.automation.workware.utils.WaitUtils.waitForElementVisible(WaitUtils.java:32)
at com.automation.workware.pages.LoginPage.doLogin(LoginPage.java:38)
at com.automation.workware.stepdefinations.HomePageSteps.user_has_already_logged_in_to_application(HomePageSteps.java:36)
at ✽.user has already logged in to application(file:///C:/Users/guduguntla%20anil/eclipse-workspace/CucumberProjectParallel/src/test/resources/features/home.feature:4)
]]>
    </error>
  </testcase> <!-- runScenario -->
  <testcase classname="com.automation.workware.runners.TestRunner" name="runScenario" time="8.512">
    <skipped/>
  </testcase> <!-- runScenario -->
  <testcase classname="com.automation.workware.runners.TestRunner" name="runScenario" time="8.352">
    <error message="Cannot invoke &quot;org.apache.poi.ss.usermodel.Workbook.getSheet(String)&quot; because &quot;this.workbook&quot; is null" type="java.lang.NullPointerException">
      <![CDATA[java.lang.NullPointerException: Cannot invoke "org.apache.poi.ss.usermodel.Workbook.getSheet(String)" because "this.workbook" is null
at com.automation.workware.utils.ExcelReader.getAllData(ExcelReader.java:98)
at com.automation.workware.stepdefinations.LoginPageSteps.user_performs_login_for_all_rows_in_sheet(LoginPageSteps.java:100)
at ✽.user performs login for all rows in sheet "Sheet1"(file:///C:/Users/guduguntla%20anil/eclipse-workspace/CucumberProjectParallel/src/test/resources/features/excel_login.feature:10)
]]>
    </error>
  </testcase> <!-- runScenario -->
  <testcase classname="com.automation.workware.runners.TestRunner" name="runScenario" time="17.231">
    <error message="Expected condition failed: waiting for visibility of element located by By.xpath: //div[@id=&#039;login_credentials&#039;]/h4 (tried for 10 second(s) with 500 milliseconds interval)
Build info: version: &#039;4.29.0&#039;, revision: &#039;5fc1ec94cb&#039;
System info: os.name: &#039;Windows 11&#039;, os.arch: &#039;amd64&#039;, os.version: &#039;10.0&#039;, java.version: &#039;21.0.2&#039;
Driver info: org.openqa.selenium.chrome.ChromeDriver
Capabilities {acceptInsecureCerts: false, browserName: chrome, browserVersion: 141.0.7390.125, chrome: {chromedriverVersion: 141.0.7390.122 (b477534e7e1..., userDataDir: C:\Users\GUDUGU~1\AppData\L...}, fedcm:accounts: true, goog:chromeOptions: {debuggerAddress: localhost:58278}, networkConnectionEnabled: false, pageLoadStrategy: normal, platformName: windows, proxy: Proxy(), se:cdp: ws://localhost:58278/devtoo..., se:cdpVersion: 141.0.7390.125, setWindowRect: true, strictFileInteractability: false, timeouts: {implicit: 0, pageLoad: 300000, script: 30000}, unhandledPromptBehavior: dismiss and notify, webauthn:extension:credBlob: true, webauthn:extension:largeBlob: true, webauthn:extension:minPinLength: true, webauthn:extension:prf: true, webauthn:virtualAuthenticators: true}
Session ID: 05f810f388b6b9509be374ebc3ff5616" type="org.openqa.selenium.TimeoutException">
      <![CDATA[org.openqa.selenium.TimeoutException: Expected condition failed: waiting for visibility of element located by By.xpath: //div[@id='login_credentials']/h4 (tried for 10 second(s) with 500 milliseconds interval)
Build info: version: '4.29.0', revision: '5fc1ec94cb'
System info: os.name: 'Windows 11', os.arch: 'amd64', os.version: '10.0', java.version: '21.0.2'
Driver info: org.openqa.selenium.chrome.ChromeDriver
Capabilities {acceptInsecureCerts: false, browserName: chrome, browserVersion: 141.0.7390.125, chrome: {chromedriverVersion: 141.0.7390.122 (b477534e7e1..., userDataDir: C:\Users\GUDUGU~1\AppData\L...}, fedcm:accounts: true, goog:chromeOptions: {debuggerAddress: localhost:58278}, networkConnectionEnabled: false, pageLoadStrategy: normal, platformName: windows, proxy: Proxy(), se:cdp: ws://localhost:58278/devtoo..., se:cdpVersion: 141.0.7390.125, setWindowRect: true, strictFileInteractability: false, timeouts: {implicit: 0, pageLoad: 300000, script: 30000}, unhandledPromptBehavior: dismiss and notify, webauthn:extension:credBlob: true, webauthn:extension:largeBlob: true, webauthn:extension:minPinLength: true, webauthn:extension:prf: true, webauthn:virtualAuthenticators: true}
Session ID: 05f810f388b6b9509be374ebc3ff5616
at org.openqa.selenium.support.ui.WebDriverWait.timeoutException(WebDriverWait.java:84)
at org.openqa.selenium.support.ui.FluentWait.until(FluentWait.java:228)
at com.automation.workware.utils.WaitUtils.waitForElementVisible(WaitUtils.java:28)
at com.automation.workware.utils.WaitUtils.waitForElementVisible(WaitUtils.java:32)
at com.automation.workware.pages.LoginPage.isacceptedUserNamesTextExists(LoginPage.java:21)
at com.automation.workware.stepdefinations.LoginPageSteps.accepted_userNames_text_should_be_displayed(LoginPageSteps.java:49)
at ✽.Accepted UserNames Text should be displayed(file:///C:/Users/guduguntla%20anil/eclipse-workspace/CucumberProjectParallel/src/test/resources/features/login.feature:13)
]]>
    </error>
  </testcase> <!-- runScenario -->
  <testcase classname="com.automation.workware.runners.TestRunner" name="runScenario" time="17.088">
    <error message="Expected condition failed: waiting for visibility of element located by By.id: user-name (tried for 10 second(s) with 500 milliseconds interval)
Build info: version: &#039;4.29.0&#039;, revision: &#039;5fc1ec94cb&#039;
System info: os.name: &#039;Windows 11&#039;, os.arch: &#039;amd64&#039;, os.version: &#039;10.0&#039;, java.version: &#039;21.0.2&#039;
Driver info: org.openqa.selenium.chrome.ChromeDriver
Capabilities {acceptInsecureCerts: false, browserName: chrome, browserVersion: 141.0.7390.125, chrome: {chromedriverVersion: 141.0.7390.122 (b477534e7e1..., userDataDir: C:\Users\GUDUGU~1\AppData\L...}, fedcm:accounts: true, goog:chromeOptions: {debuggerAddress: localhost:65442}, networkConnectionEnabled: false, pageLoadStrategy: normal, platformName: windows, proxy: Proxy(), se:cdp: ws://localhost:65442/devtoo..., se:cdpVersion: 141.0.7390.125, setWindowRect: true, strictFileInteractability: false, timeouts: {implicit: 0, pageLoad: 300000, script: 30000}, unhandledPromptBehavior: dismiss and notify, webauthn:extension:credBlob: true, webauthn:extension:largeBlob: true, webauthn:extension:minPinLength: true, webauthn:extension:prf: true, webauthn:virtualAuthenticators: true}
Session ID: 5360d950697028ad4b1227d9523bbda2" type="org.openqa.selenium.TimeoutException">
      <![CDATA[org.openqa.selenium.TimeoutException: Expected condition failed: waiting for visibility of element located by By.id: user-name (tried for 10 second(s) with 500 milliseconds interval)
Build info: version: '4.29.0', revision: '5fc1ec94cb'
System info: os.name: 'Windows 11', os.arch: 'amd64', os.version: '10.0', java.version: '21.0.2'
Driver info: org.openqa.selenium.chrome.ChromeDriver
Capabilities {acceptInsecureCerts: false, browserName: chrome, browserVersion: 141.0.7390.125, chrome: {chromedriverVersion: 141.0.7390.122 (b477534e7e1..., userDataDir: C:\Users\GUDUGU~1\AppData\L...}, fedcm:accounts: true, goog:chromeOptions: {debuggerAddress: localhost:65442}, networkConnectionEnabled: false, pageLoadStrategy: normal, platformName: windows, proxy: Proxy(), se:cdp: ws://localhost:65442/devtoo..., se:cdpVersion: 141.0.7390.125, setWindowRect: true, strictFileInteractability: false, timeouts: {implicit: 0, pageLoad: 300000, script: 30000}, unhandledPromptBehavior: dismiss and notify, webauthn:extension:credBlob: true, webauthn:extension:largeBlob: true, webauthn:extension:minPinLength: true, webauthn:extension:prf: true, webauthn:virtualAuthenticators: true}
Session ID: 5360d950697028ad4b1227d9523bbda2
at org.openqa.selenium.support.ui.WebDriverWait.timeoutException(WebDriverWait.java:84)
at org.openqa.selenium.support.ui.FluentWait.until(FluentWait.java:228)
at com.automation.workware.utils.WaitUtils.waitForElementVisible(WaitUtils.java:28)
at com.automation.workware.utils.WaitUtils.waitForElementVisible(WaitUtils.java:32)
at com.automation.workware.pages.LoginPage.enterUserName(LoginPage.java:25)
at com.automation.workware.stepdefinations.LoginPageSteps.user_enters_username(LoginPageSteps.java:56)
at ✽.user enters username "problem_user"(file:///C:/Users/guduguntla%20anil/eclipse-workspace/CucumberProjectParallel/src/test/resources/features/excel_login.feature:15)
]]>
    </error>
  </testcase> <!-- runScenario -->
  <testcase classname="com.automation.workware.runners.TestRunner" name="runScenario" time="8.459">
    <error message="Cannot invoke &quot;org.apache.poi.ss.usermodel.Workbook.getSheet(String)&quot; because &quot;this.workbook&quot; is null" type="java.lang.NullPointerException">
      <![CDATA[java.lang.NullPointerException: Cannot invoke "org.apache.poi.ss.usermodel.Workbook.getSheet(String)" because "this.workbook" is null
at com.automation.workware.utils.ExcelReader.getRowDataAsMap(ExcelReader.java:49)
at com.automation.workware.stepdefinations.LoginPageSteps.user_logs_in_using_excel_sheet_row(LoginPageSteps.java:88)
at ✽.user logs in using excel sheet "Sheet1" row 2(file:///C:/Users/guduguntla%20anil/eclipse-workspace/CucumberProjectParallel/src/test/resources/features/excel_login.feature:5)
]]>
    </error>
  </testcase> <!-- runScenario -->
  <testcase classname="com.automation.workware.runners.TestRunner" name="runScenario" time="17.514">
    <error message="Expected condition failed: waiting for visibility of element located by By.id: user-name (tried for 10 second(s) with 500 milliseconds interval)
Build info: version: &#039;4.29.0&#039;, revision: &#039;5fc1ec94cb&#039;
System info: os.name: &#039;Windows 11&#039;, os.arch: &#039;amd64&#039;, os.version: &#039;10.0&#039;, java.version: &#039;21.0.2&#039;
Driver info: org.openqa.selenium.chrome.ChromeDriver
Capabilities {acceptInsecureCerts: false, browserName: chrome, browserVersion: 141.0.7390.125, chrome: {chromedriverVersion: 141.0.7390.122 (b477534e7e1..., userDataDir: C:\Users\GUDUGU~1\AppData\L...}, fedcm:accounts: true, goog:chromeOptions: {debuggerAddress: localhost:58279}, networkConnectionEnabled: false, pageLoadStrategy: normal, platformName: windows, proxy: Proxy(), se:cdp: ws://localhost:58279/devtoo..., se:cdpVersion: 141.0.7390.125, setWindowRect: true, strictFileInteractability: false, timeouts: {implicit: 0, pageLoad: 300000, script: 30000}, unhandledPromptBehavior: dismiss and notify, webauthn:extension:credBlob: true, webauthn:extension:largeBlob: true, webauthn:extension:minPinLength: true, webauthn:extension:prf: true, webauthn:virtualAuthenticators: true}
Session ID: 9205fc4b81b1b36c0936b5d098828913" type="org.openqa.selenium.TimeoutException">
      <![CDATA[org.openqa.selenium.TimeoutException: Expected condition failed: waiting for visibility of element located by By.id: user-name (tried for 10 second(s) with 500 milliseconds interval)
Build info: version: '4.29.0', revision: '5fc1ec94cb'
System info: os.name: 'Windows 11', os.arch: 'amd64', os.version: '10.0', java.version: '21.0.2'
Driver info: org.openqa.selenium.chrome.ChromeDriver
Capabilities {acceptInsecureCerts: false, browserName: chrome, browserVersion: 141.0.7390.125, chrome: {chromedriverVersion: 141.0.7390.122 (b477534e7e1..., userDataDir: C:\Users\GUDUGU~1\AppData\L...}, fedcm:accounts: true, goog:chromeOptions: {debuggerAddress: localhost:58279}, networkConnectionEnabled: false, pageLoadStrategy: normal, platformName: windows, proxy: Proxy(), se:cdp: ws://localhost:58279/devtoo..., se:cdpVersion: 141.0.7390.125, setWindowRect: true, strictFileInteractability: false, timeouts: {implicit: 0, pageLoad: 300000, script: 30000}, unhandledPromptBehavior: dismiss and notify, webauthn:extension:credBlob: true, webauthn:extension:largeBlob: true, webauthn:extension:minPinLength: true, webauthn:extension:prf: true, webauthn:virtualAuthenticators: true}
Session ID: 9205fc4b81b1b36c0936b5d098828913
at org.openqa.selenium.support.ui.WebDriverWait.timeoutException(WebDriverWait.java:84)
at org.openqa.selenium.support.ui.FluentWait.until(FluentWait.java:228)
at com.automation.workware.utils.WaitUtils.waitForElementVisible(WaitUtils.java:28)
at com.automation.workware.utils.WaitUtils.waitForElementVisible(WaitUtils.java:32)
at com.automation.workware.pages.LoginPage.enterUserName(LoginPage.java:25)
at com.automation.workware.stepdefinations.LoginPageSteps.user_enters_username(LoginPageSteps.java:56)
at ✽.user enters username "standard_user"(file:///C:/Users/guduguntla%20anil/eclipse-workspace/CucumberProjectParallel/src/test/resources/features/excel_login.feature:15)
]]>
    </error>
  </testcase> <!-- runScenario -->
  <testcase classname="com.automation.workware.runners.TestRunner" name="runScenario" time="17.655">
    <error message="Expected condition failed: waiting for visibility of element located by By.id: user-name (tried for 10 second(s) with 500 milliseconds interval)
Build info: version: &#039;4.29.0&#039;, revision: &#039;5fc1ec94cb&#039;
System info: os.name: &#039;Windows 11&#039;, os.arch: &#039;amd64&#039;, os.version: &#039;10.0&#039;, java.version: &#039;21.0.2&#039;
Driver info: org.openqa.selenium.chrome.ChromeDriver
Capabilities {acceptInsecureCerts: false, browserName: chrome, browserVersion: 141.0.7390.125, chrome: {chromedriverVersion: 141.0.7390.122 (b477534e7e1..., userDataDir: C:\Users\GUDUGU~1\AppData\L...}, fedcm:accounts: true, goog:chromeOptions: {debuggerAddress: localhost:58277}, networkConnectionEnabled: false, pageLoadStrategy: normal, platformName: windows, proxy: Proxy(), se:cdp: ws://localhost:58277/devtoo..., se:cdpVersion: 141.0.7390.125, setWindowRect: true, strictFileInteractability: false, timeouts: {implicit: 0, pageLoad: 300000, script: 30000}, unhandledPromptBehavior: dismiss and notify, webauthn:extension:credBlob: true, webauthn:extension:largeBlob: true, webauthn:extension:minPinLength: true, webauthn:extension:prf: true, webauthn:virtualAuthenticators: true}
Session ID: 1ddb63a8c5b0fe108fd552e86936b556" type="org.openqa.selenium.TimeoutException">
      <![CDATA[org.openqa.selenium.TimeoutException: Expected condition failed: waiting for visibility of element located by By.id: user-name (tried for 10 second(s) with 500 milliseconds interval)
Build info: version: '4.29.0', revision: '5fc1ec94cb'
System info: os.name: 'Windows 11', os.arch: 'amd64', os.version: '10.0', java.version: '21.0.2'
Driver info: org.openqa.selenium.chrome.ChromeDriver
Capabilities {acceptInsecureCerts: false, browserName: chrome, browserVersion: 141.0.7390.125, chrome: {chromedriverVersion: 141.0.7390.122 (b477534e7e1..., userDataDir: C:\Users\GUDUGU~1\AppData\L...}, fedcm:accounts: true, goog:chromeOptions: {debuggerAddress: localhost:58277}, networkConnectionEnabled: false, pageLoadStrategy: normal, platformName: windows, proxy: Proxy(), se:cdp: ws://localhost:58277/devtoo..., se:cdpVersion: 141.0.7390.125, setWindowRect: true, strictFileInteractability: false, timeouts: {implicit: 0, pageLoad: 300000, script: 30000}, unhandledPromptBehavior: dismiss and notify, webauthn:extension:credBlob: true, webauthn:extension:largeBlob: true, webauthn:extension:minPinLength: true, webauthn:extension:prf: true, webauthn:virtualAuthenticators: true}
Session ID: 1ddb63a8c5b0fe108fd552e86936b556
at org.openqa.selenium.support.ui.WebDriverWait.timeoutException(WebDriverWait.java:84)
at org.openqa.selenium.support.ui.FluentWait.until(FluentWait.java:228)
at com.automation.workware.utils.WaitUtils.waitForElementVisible(WaitUtils.java:28)
at com.automation.workware.utils.WaitUtils.waitForElementVisible(WaitUtils.java:32)
at com.automation.workware.pages.LoginPage.enterUserName(LoginPage.java:25)
at com.automation.workware.stepdefinations.LoginPageSteps.user_enters_username(LoginPageSteps.java:56)
at ✽.user enters username "locked_out_user"(file:///C:/Users/guduguntla%20anil/eclipse-workspace/CucumberProjectParallel/src/test/resources/features/excel_login.feature:15)
]]>
    </error>
  </testcase> <!-- runScenario -->
</testsuite> <!-- com.automation.workware.runners.TestRunner -->
