<?xml version="1.0" encoding="UTF-8"?>
<!-- Generated by org.testng.reporters.JUnitReportReporter -->
<testsuite hostname="LAPTOP-UF6317RE" failures="1" tests="5" name="MyTestRunners.TestRunner" time="18.334" errors="0" timestamp="2025-04-15T22:31:04 IST" skipped="3">
  <testcase classname="MyTestRunners.TestRunner" name="runScenario" time="4.668">
    <failure type="junit.framework.AssertionFailedError">
      <![CDATA[junit.framework.AssertionFailedError
at junit.framework.Assert.fail(Assert.java:55)
at junit.framework.Assert.assertTrue(Assert.java:22)
at junit.framework.Assert.assertTrue(Assert.java:31)
at stepDefination.LoginSteps.page_title_should_be(LoginSteps.java:29)
at ✽.page title should be "Swag Labs11"(file:///C:/Users/guduguntla%20anil/eclipse-workspace/CucumberProjectParallel/src/test/resources/Features/Home.feature:12)
]]>
    </failure>
  </testcase> <!-- runScenario -->
  <testcase classname="MyTestRunners.TestRunner" name="runScenario" time="3.376">
    <skipped/>
  </testcase> <!-- runScenario -->
  <testcase classname="MyTestRunners.TestRunner" name="runScenario" time="3.333">
    <skipped/>
  </testcase> <!-- runScenario -->
  <testcase classname="MyTestRunners.TestRunner" name="runScenario" time="3.345">
    <skipped/>
  </testcase> <!-- runScenario -->
  <testcase classname="MyTestRunners.TestRunner" name="runScenario" time="3.612"/>
</testsuite> <!-- MyTestRunners.TestRunner -->
